<?xml version="1.0" encoding="UTF-8"?>
<!-- Generated by org.testng.reporters.JUnitXMLReporter -->
<testsuite ignored="0" hostname="DESKTOP-B0AM9G5" failures="5" tests="15" name="Test" time="869.496" errors="0" timestamp="2024-02-29T20:35:50 IST">
  <testcase classname="testcases.TC_01_Homepagetest" name="verifycheckin_on_homepage" time="4.214"/>
  <testcase classname="testcases.TC_01_Homepagetest" name="verifyflightstatus_on_homepage" time="8.26"/>
  <testcase classname="testcases.TC_01_Homepagetest" name="verifylogo_on_homepage" time="0.082"/>
  <testcase classname="testcases.TC_01_Homepagetest" name="verifymanagebooking_on_homepage" time="12.586"/>
  <testcase classname="testcases.TC_03_Signuppagetest" name="signup" time="49.467"/>
  <testcase classname="testcases.TC_07Bookingflight" name="bookingflights" time="54.175">
    <failure type="org.openqa.selenium.ElementNotInteractableException" message="element not interactable
  (Session info: chrome=122.0.6261.57)
Build info: version: &amp;apos;4.16.0&amp;apos;, revision: &amp;apos;15400459dd*&amp;apos;
System info: os.name: &amp;apos;Windows 10&amp;apos;, os.arch: &amp;apos;amd64&amp;apos;, os.version: &amp;apos;10.0&amp;apos;, java.version: &amp;apos;21.0.1&amp;apos;
Driver info: org.openqa.selenium.chrome.ChromeDriver
Command: [6f274a2af67824efd7fa090732af5c8c, sendKeysToElement {id=f.1843925499592936DCDD964EAA2AFDEF.d.3C3C931CDCAFEC302DFF5F0290CD410D.e.99, value=[Ljava.lang.CharSequence;@278fe428}]
Capabilities {acceptInsecureCerts: false, browserName: chrome, browserVersion: 122.0.6261.57, chrome: {chromedriverVersion: 122.0.6261.94 (880dbf29479c..., userDataDir: C:\Program Files\scoped_dir...}, fedcm:accounts: true, goog:chromeOptions: {debuggerAddress: localhost:59258}, networkConnectionEnabled: false, pageLoadStrategy: normal, platformName: windows, proxy: Proxy(), se:cdp: ws://localhost:59258/devtoo..., se:cdpVersion: 122.0.6261.57, setWindowRect: true, strictFileInteractability: false, timeouts: {implicit: 0, pageLoad: 300000, script: 30000}, unhandledPromptBehavior: dismiss and notify, webauthn:extension:credBlob: true, webauthn:extension:largeBlob: true, webauthn:extension:minPinLength: true, webauthn:extension:prf: true, webauthn:virtualAuthenticators: true}
Element: [[ChromeDriver: chrome on windows (6f274a2af67824efd7fa090732af5c8c)] -&amp;gt; xpath: (//input[@type=&amp;apos;text&amp;apos;])[7]]
Session ID: 6f274a2af67824efd7fa090732af5c8c">
      <![CDATA[org.openqa.selenium.ElementNotInteractableException: element not interactable
  (Session info: chrome=122.0.6261.57)
Build info: version: '4.16.0', revision: '15400459dd*'
System info: os.name: 'Windows 10', os.arch: 'amd64', os.version: '10.0', java.version: '21.0.1'
Driver info: org.openqa.selenium.chrome.ChromeDriver
Command: [6f274a2af67824efd7fa090732af5c8c, sendKeysToElement {id=f.1843925499592936DCDD964EAA2AFDEF.d.3C3C931CDCAFEC302DFF5F0290CD410D.e.99, value=[Ljava.lang.CharSequence;@278fe428}]
Capabilities {acceptInsecureCerts: false, browserName: chrome, browserVersion: 122.0.6261.57, chrome: {chromedriverVersion: 122.0.6261.94 (880dbf29479c..., userDataDir: C:\Program Files\scoped_dir...}, fedcm:accounts: true, goog:chromeOptions: {debuggerAddress: localhost:59258}, networkConnectionEnabled: false, pageLoadStrategy: normal, platformName: windows, proxy: Proxy(), se:cdp: ws://localhost:59258/devtoo..., se:cdpVersion: 122.0.6261.57, setWindowRect: true, strictFileInteractability: false, timeouts: {implicit: 0, pageLoad: 300000, script: 30000}, unhandledPromptBehavior: dismiss and notify, webauthn:extension:credBlob: true, webauthn:extension:largeBlob: true, webauthn:extension:minPinLength: true, webauthn:extension:prf: true, webauthn:virtualAuthenticators: true}
Element: [[ChromeDriver: chrome on windows (6f274a2af67824efd7fa090732af5c8c)] -> xpath: (//input[@type='text'])[7]]
Session ID: 6f274a2af67824efd7fa090732af5c8c
at org.openqa.selenium.remote.codec.w3c.W3CHttpResponseCodec.createException(W3CHttpResponseCodec.java:200)
at org.openqa.selenium.remote.codec.w3c.W3CHttpResponseCodec.decode(W3CHttpResponseCodec.java:133)
at org.openqa.selenium.remote.codec.w3c.W3CHttpResponseCodec.decode(W3CHttpResponseCodec.java:52)
at org.openqa.selenium.remote.HttpCommandExecutor.execute(HttpCommandExecutor.java:191)
at org.openqa.selenium.remote.service.DriverCommandExecutor.invokeExecute(DriverCommandExecutor.java:200)
at org.openqa.selenium.remote.service.DriverCommandExecutor.execute(DriverCommandExecutor.java:175)
at org.openqa.selenium.remote.RemoteWebDriver.execute(RemoteWebDriver.java:523)
at org.openqa.selenium.remote.RemoteWebElement.execute(RemoteWebElement.java:224)
at org.openqa.selenium.remote.RemoteWebElement.sendKeys(RemoteWebElement.java:111)
at org.openqa.selenium.support.pagefactory.internal.LocatingElementHandler.invoke(LocatingElementHandler.java:51)
at jdk.proxy2/jdk.proxy2.$Proxy16.sendKeys(Unknown Source)
at pageobjects.passenger_details.getlname(passenger_details.java:56)
at testcases.TC_07Bookingflight.bookingflights(TC_07Bookingflight.java:84)
at java.base/java.util.ArrayList.forEach(ArrayList.java:1596)
... Removed 30 stack frames]]>
    </failure>
  </testcase> <!-- bookingflights -->
  <testcase classname="testcases.TC_07Bookingflight" name="bookingflights" time="53.776">
    <failure type="org.openqa.selenium.ElementNotInteractableException" message="element not interactable
  (Session info: chrome=122.0.6261.57)
Build info: version: &amp;apos;4.16.0&amp;apos;, revision: &amp;apos;15400459dd*&amp;apos;
System info: os.name: &amp;apos;Windows 10&amp;apos;, os.arch: &amp;apos;amd64&amp;apos;, os.version: &amp;apos;10.0&amp;apos;, java.version: &amp;apos;21.0.1&amp;apos;
Driver info: org.openqa.selenium.chrome.ChromeDriver
Command: [0b8d0fdf35eef244a696b1fb77eb138d, sendKeysToElement {id=f.1454E4EEC67D38E834118F6BD9366D1C.d.744E2980FD2F1489979EF3DD5E1F656F.e.91, value=[Ljava.lang.CharSequence;@2f471037}]
Capabilities {acceptInsecureCerts: false, browserName: chrome, browserVersion: 122.0.6261.57, chrome: {chromedriverVersion: 122.0.6261.94 (880dbf29479c..., userDataDir: C:\Program Files\scoped_dir...}, fedcm:accounts: true, goog:chromeOptions: {debuggerAddress: localhost:59339}, networkConnectionEnabled: false, pageLoadStrategy: normal, platformName: windows, proxy: Proxy(), se:cdp: ws://localhost:59339/devtoo..., se:cdpVersion: 122.0.6261.57, setWindowRect: true, strictFileInteractability: false, timeouts: {implicit: 0, pageLoad: 300000, script: 30000}, unhandledPromptBehavior: dismiss and notify, webauthn:extension:credBlob: true, webauthn:extension:largeBlob: true, webauthn:extension:minPinLength: true, webauthn:extension:prf: true, webauthn:virtualAuthenticators: true}
Element: [[ChromeDriver: chrome on windows (0b8d0fdf35eef244a696b1fb77eb138d)] -&amp;gt; xpath: (//input[@type=&amp;apos;text&amp;apos;])[7]]
Session ID: 0b8d0fdf35eef244a696b1fb77eb138d">
      <![CDATA[org.openqa.selenium.ElementNotInteractableException: element not interactable
  (Session info: chrome=122.0.6261.57)
Build info: version: '4.16.0', revision: '15400459dd*'
System info: os.name: 'Windows 10', os.arch: 'amd64', os.version: '10.0', java.version: '21.0.1'
Driver info: org.openqa.selenium.chrome.ChromeDriver
Command: [0b8d0fdf35eef244a696b1fb77eb138d, sendKeysToElement {id=f.1454E4EEC67D38E834118F6BD9366D1C.d.744E2980FD2F1489979EF3DD5E1F656F.e.91, value=[Ljava.lang.CharSequence;@2f471037}]
Capabilities {acceptInsecureCerts: false, browserName: chrome, browserVersion: 122.0.6261.57, chrome: {chromedriverVersion: 122.0.6261.94 (880dbf29479c..., userDataDir: C:\Program Files\scoped_dir...}, fedcm:accounts: true, goog:chromeOptions: {debuggerAddress: localhost:59339}, networkConnectionEnabled: false, pageLoadStrategy: normal, platformName: windows, proxy: Proxy(), se:cdp: ws://localhost:59339/devtoo..., se:cdpVersion: 122.0.6261.57, setWindowRect: true, strictFileInteractability: false, timeouts: {implicit: 0, pageLoad: 300000, script: 30000}, unhandledPromptBehavior: dismiss and notify, webauthn:extension:credBlob: true, webauthn:extension:largeBlob: true, webauthn:extension:minPinLength: true, webauthn:extension:prf: true, webauthn:virtualAuthenticators: true}
Element: [[ChromeDriver: chrome on windows (0b8d0fdf35eef244a696b1fb77eb138d)] -> xpath: (//input[@type='text'])[7]]
Session ID: 0b8d0fdf35eef244a696b1fb77eb138d
at org.openqa.selenium.remote.codec.w3c.W3CHttpResponseCodec.createException(W3CHttpResponseCodec.java:200)
at org.openqa.selenium.remote.codec.w3c.W3CHttpResponseCodec.decode(W3CHttpResponseCodec.java:133)
at org.openqa.selenium.remote.codec.w3c.W3CHttpResponseCodec.decode(W3CHttpResponseCodec.java:52)
at org.openqa.selenium.remote.HttpCommandExecutor.execute(HttpCommandExecutor.java:191)
at org.openqa.selenium.remote.service.DriverCommandExecutor.invokeExecute(DriverCommandExecutor.java:200)
at org.openqa.selenium.remote.service.DriverCommandExecutor.execute(DriverCommandExecutor.java:175)
at org.openqa.selenium.remote.RemoteWebDriver.execute(RemoteWebDriver.java:523)
at org.openqa.selenium.remote.RemoteWebElement.execute(RemoteWebElement.java:224)
at org.openqa.selenium.remote.RemoteWebElement.sendKeys(RemoteWebElement.java:111)
at org.openqa.selenium.support.pagefactory.internal.LocatingElementHandler.invoke(LocatingElementHandler.java:51)
at jdk.proxy2/jdk.proxy2.$Proxy16.sendKeys(Unknown Source)
at pageobjects.passenger_details.getlname(passenger_details.java:56)
at testcases.TC_07Bookingflight.bookingflights(TC_07Bookingflight.java:84)
at java.base/java.util.ArrayList.forEach(ArrayList.java:1596)
... Removed 30 stack frames]]>
    </failure>
  </testcase> <!-- bookingflights -->
  <testcase classname="testcases.TC_02_Loginpagetest" name="LoginWith_valid_credentials" time="15.667"/>
  <testcase classname="testcases.TC_02_Loginpagetest" name="LoginWith_valid_credentials" time="11.129"/>
  <testcase classname="testcases.TC_02_Loginpagetest" name="LoginWith_valid_credentials" time="11.609"/>
  <testcase classname="testcases.TC_04_Loginwithmobnumber" name="LoginWith_mobilenumber" time="9.519"/>
  <testcase classname="testcases.TC_06_checkflights" name="checkflights" time="30.149">
    <failure type="org.openqa.selenium.ElementClickInterceptedException" message="element click intercepted: Element &amp;lt;div class=&amp;quot;css-76zvg2 css-bfa6kz r-1862ga2 r-1gkfh8e&amp;quot; dir=&amp;quot;auto&amp;quot; style=&amp;quot;font-family: inherit; opacity: 1;&amp;quot;&amp;gt;...&amp;lt;/div&amp;gt; is not clickable at point (504, 400). Other element would receive the click: &amp;lt;div class=&amp;quot;css-76zvg2 r-homxoj r-adyw6z r-1kfrs79&amp;quot; dir=&amp;quot;auto&amp;quot; style=&amp;quot;font-family: inherit;&amp;quot;&amp;gt;...&amp;lt;/div&amp;gt;
  (Session info: chrome=122.0.6261.57)
Build info: version: &amp;apos;4.16.0&amp;apos;, revision: &amp;apos;15400459dd*&amp;apos;
System info: os.name: &amp;apos;Windows 10&amp;apos;, os.arch: &amp;apos;amd64&amp;apos;, os.version: &amp;apos;10.0&amp;apos;, java.version: &amp;apos;21.0.1&amp;apos;
Driver info: org.openqa.selenium.chrome.ChromeDriver
Command: [0103ce2b11939f4aa95f4c248645b296, clickElement {id=f.B8D999CA84542E001BFAC6BF4B35D88F.d.A37F2146099803CDC2AD4435C89C55D4.e.192}]
Capabilities {acceptInsecureCerts: false, browserName: chrome, browserVersion: 122.0.6261.57, chrome: {chromedriverVersion: 122.0.6261.94 (880dbf29479c..., userDataDir: C:\Program Files\scoped_dir...}, fedcm:accounts: true, goog:chromeOptions: {debuggerAddress: localhost:59755}, networkConnectionEnabled: false, pageLoadStrategy: normal, platformName: windows, proxy: Proxy(), se:cdp: ws://localhost:59755/devtoo..., se:cdpVersion: 122.0.6261.57, setWindowRect: true, strictFileInteractability: false, timeouts: {implicit: 0, pageLoad: 300000, script: 30000}, unhandledPromptBehavior: dismiss and notify, webauthn:extension:credBlob: true, webauthn:extension:largeBlob: true, webauthn:extension:minPinLength: true, webauthn:extension:prf: true, webauthn:virtualAuthenticators: true}
Element: [[ChromeDriver: chrome on windows (0103ce2b11939f4aa95f4c248645b296)] -&amp;gt; xpath: //*[@id=&amp;quot;main-container&amp;quot;]/div/div[1]/div[3]/div[2]/div[5]/div[2]/div[1]/div[1]]
Session ID: 0103ce2b11939f4aa95f4c248645b296">
      <![CDATA[org.openqa.selenium.ElementClickInterceptedException: element click intercepted: Element <div class="css-76zvg2 css-bfa6kz r-1862ga2 r-1gkfh8e" dir="auto" style="font-family: inherit; opacity: 1;">...</div> is not clickable at point (504, 400). Other element would receive the click: <div class="css-76zvg2 r-homxoj r-adyw6z r-1kfrs79" dir="auto" style="font-family: inherit;">...</div>
  (Session info: chrome=122.0.6261.57)
Build info: version: '4.16.0', revision: '15400459dd*'
System info: os.name: 'Windows 10', os.arch: 'amd64', os.version: '10.0', java.version: '21.0.1'
Driver info: org.openqa.selenium.chrome.ChromeDriver
Command: [0103ce2b11939f4aa95f4c248645b296, clickElement {id=f.B8D999CA84542E001BFAC6BF4B35D88F.d.A37F2146099803CDC2AD4435C89C55D4.e.192}]
Capabilities {acceptInsecureCerts: false, browserName: chrome, browserVersion: 122.0.6261.57, chrome: {chromedriverVersion: 122.0.6261.94 (880dbf29479c..., userDataDir: C:\Program Files\scoped_dir...}, fedcm:accounts: true, goog:chromeOptions: {debuggerAddress: localhost:59755}, networkConnectionEnabled: false, pageLoadStrategy: normal, platformName: windows, proxy: Proxy(), se:cdp: ws://localhost:59755/devtoo..., se:cdpVersion: 122.0.6261.57, setWindowRect: true, strictFileInteractability: false, timeouts: {implicit: 0, pageLoad: 300000, script: 30000}, unhandledPromptBehavior: dismiss and notify, webauthn:extension:credBlob: true, webauthn:extension:largeBlob: true, webauthn:extension:minPinLength: true, webauthn:extension:prf: true, webauthn:virtualAuthenticators: true}
Element: [[ChromeDriver: chrome on windows (0103ce2b11939f4aa95f4c248645b296)] -> xpath: //*[@id="main-container"]/div/div[1]/div[3]/div[2]/div[5]/div[2]/div[1]/div[1]]
Session ID: 0103ce2b11939f4aa95f4c248645b296
at org.openqa.selenium.remote.codec.w3c.W3CHttpResponseCodec.createException(W3CHttpResponseCodec.java:200)
at org.openqa.selenium.remote.codec.w3c.W3CHttpResponseCodec.decode(W3CHttpResponseCodec.java:133)
at org.openqa.selenium.remote.codec.w3c.W3CHttpResponseCodec.decode(W3CHttpResponseCodec.java:52)
at org.openqa.selenium.remote.HttpCommandExecutor.execute(HttpCommandExecutor.java:191)
at org.openqa.selenium.remote.service.DriverCommandExecutor.invokeExecute(DriverCommandExecutor.java:200)
at org.openqa.selenium.remote.service.DriverCommandExecutor.execute(DriverCommandExecutor.java:175)
at org.openqa.selenium.remote.RemoteWebDriver.execute(RemoteWebDriver.java:523)
at org.openqa.selenium.remote.RemoteWebElement.execute(RemoteWebElement.java:224)
at org.openqa.selenium.remote.RemoteWebElement.click(RemoteWebElement.java:77)
at org.openqa.selenium.support.pagefactory.internal.LocatingElementHandler.invoke(LocatingElementHandler.java:51)
at jdk.proxy2/jdk.proxy2.$Proxy16.click(Unknown Source)
at pageobjects.Checkingflights.clkcurrency(Checkingflights.java:126)
at testcases.TC_06_checkflights.checkflights(TC_06_checkflights.java:30)
at java.base/java.util.ArrayList.forEach(ArrayList.java:1596)
... Removed 30 stack frames]]>
    </failure>
  </testcase> <!-- checkflights -->
  <testcase classname="testcases.TC_06_checkflights" name="checkflights_roundtrip" time="39.421">
    <failure type="org.openqa.selenium.NoSuchElementException" message="no such element: Unable to locate element: {&amp;quot;method&amp;quot;:&amp;quot;xpath&amp;quot;,&amp;quot;selector&amp;quot;:&amp;quot;//*[@id=&amp;quot;main-container&amp;quot;]/div/div[1]/div[3]/div[2]/div[4]/div/div[2]/div[2]/div[3]/div[2]/div/div[2]/div/div[3]/div[5]/div[4]/div&amp;quot;}
  (Session info: chrome=122.0.6261.57)
For documentation on this error, please visit: https://www.selenium.dev/documentation/webdriver/troubleshooting/errors#no-such-element-exception
Build info: version: &amp;apos;4.16.0&amp;apos;, revision: &amp;apos;15400459dd*&amp;apos;
System info: os.name: &amp;apos;Windows 10&amp;apos;, os.arch: &amp;apos;amd64&amp;apos;, os.version: &amp;apos;10.0&amp;apos;, java.version: &amp;apos;21.0.1&amp;apos;
Driver info: org.openqa.selenium.chrome.ChromeDriver
Command: [d607198bb46e1dfc44ecb28e82bb7994, findElement {using=xpath, value=//*[@id=&amp;quot;main-container&amp;quot;]/div/div[1]/div[3]/div[2]/div[4]/div/div[2]/div[2]/div[3]/div[2]/div/div[2]/div/div[3]/div[5]/div[4]/div}]
Capabilities {acceptInsecureCerts: false, browserName: chrome, browserVersion: 122.0.6261.57, chrome: {chromedriverVersion: 122.0.6261.94 (880dbf29479c..., userDataDir: C:\Program Files\scoped_dir...}, fedcm:accounts: true, goog:chromeOptions: {debuggerAddress: localhost:59837}, networkConnectionEnabled: false, pageLoadStrategy: normal, platformName: windows, proxy: Proxy(), se:cdp: ws://localhost:59837/devtoo..., se:cdpVersion: 122.0.6261.57, setWindowRect: true, strictFileInteractability: false, timeouts: {implicit: 0, pageLoad: 300000, script: 30000}, unhandledPromptBehavior: dismiss and notify, webauthn:extension:credBlob: true, webauthn:extension:largeBlob: true, webauthn:extension:minPinLength: true, webauthn:extension:prf: true, webauthn:virtualAuthenticators: true}
Session ID: d607198bb46e1dfc44ecb28e82bb7994">
      <![CDATA[org.openqa.selenium.NoSuchElementException: no such element: Unable to locate element: {"method":"xpath","selector":"//*[@id="main-container"]/div/div[1]/div[3]/div[2]/div[4]/div/div[2]/div[2]/div[3]/div[2]/div/div[2]/div/div[3]/div[5]/div[4]/div"}
  (Session info: chrome=122.0.6261.57)
For documentation on this error, please visit: https://www.selenium.dev/documentation/webdriver/troubleshooting/errors#no-such-element-exception
Build info: version: '4.16.0', revision: '15400459dd*'
System info: os.name: 'Windows 10', os.arch: 'amd64', os.version: '10.0', java.version: '21.0.1'
Driver info: org.openqa.selenium.chrome.ChromeDriver
Command: [d607198bb46e1dfc44ecb28e82bb7994, findElement {using=xpath, value=//*[@id="main-container"]/div/div[1]/div[3]/div[2]/div[4]/div/div[2]/div[2]/div[3]/div[2]/div/div[2]/div/div[3]/div[5]/div[4]/div}]
Capabilities {acceptInsecureCerts: false, browserName: chrome, browserVersion: 122.0.6261.57, chrome: {chromedriverVersion: 122.0.6261.94 (880dbf29479c..., userDataDir: C:\Program Files\scoped_dir...}, fedcm:accounts: true, goog:chromeOptions: {debuggerAddress: localhost:59837}, networkConnectionEnabled: false, pageLoadStrategy: normal, platformName: windows, proxy: Proxy(), se:cdp: ws://localhost:59837/devtoo..., se:cdpVersion: 122.0.6261.57, setWindowRect: true, strictFileInteractability: false, timeouts: {implicit: 0, pageLoad: 300000, script: 30000}, unhandledPromptBehavior: dismiss and notify, webauthn:extension:credBlob: true, webauthn:extension:largeBlob: true, webauthn:extension:minPinLength: true, webauthn:extension:prf: true, webauthn:virtualAuthenticators: true}
Session ID: d607198bb46e1dfc44ecb28e82bb7994
at org.openqa.selenium.remote.codec.w3c.W3CHttpResponseCodec.createException(W3CHttpResponseCodec.java:200)
at org.openqa.selenium.remote.codec.w3c.W3CHttpResponseCodec.decode(W3CHttpResponseCodec.java:133)
at org.openqa.selenium.remote.codec.w3c.W3CHttpResponseCodec.decode(W3CHttpResponseCodec.java:52)
at org.openqa.selenium.remote.HttpCommandExecutor.execute(HttpCommandExecutor.java:191)
at org.openqa.selenium.remote.service.DriverCommandExecutor.invokeExecute(DriverCommandExecutor.java:200)
at org.openqa.selenium.remote.service.DriverCommandExecutor.execute(DriverCommandExecutor.java:175)
at org.openqa.selenium.remote.RemoteWebDriver.execute(RemoteWebDriver.java:523)
at org.openqa.selenium.remote.ElementLocation$ElementFinder$2.findElement(ElementLocation.java:165)
at org.openqa.selenium.remote.ElementLocation.findElement(ElementLocation.java:59)
at org.openqa.selenium.remote.RemoteWebDriver.findElement(RemoteWebDriver.java:360)
at org.openqa.selenium.remote.RemoteWebDriver.findElement(RemoteWebDriver.java:354)
at org.openqa.selenium.support.pagefactory.DefaultElementLocator.findElement(DefaultElementLocator.java:68)
at org.openqa.selenium.support.pagefactory.internal.LocatingElementHandler.invoke(LocatingElementHandler.java:38)
at jdk.proxy2/jdk.proxy2.$Proxy16.click(Unknown Source)
at pageobjects.Checkingflights.paticulardate(Checkingflights.java:122)
at testcases.TC_06_checkflights.checkflights_roundtrip(TC_06_checkflights.java:56)
at java.base/java.util.ArrayList.forEach(ArrayList.java:1596)
... Removed 28 stack frames]]>
    </failure>
  </testcase> <!-- checkflights_roundtrip -->
  <testcase classname="testcases.TC_06_checkflights" name="checkin_booking" time="18.598"/>
  <testcase classname="testcases.TC_06_checkflights" name="flightstatus" time="32.06">
    <failure type="org.openqa.selenium.ElementClickInterceptedException" message="element click intercepted: Element &amp;lt;div class=&amp;quot;css-1dbjc4n r-1niwhzg r-1p0dtai r-1d2f490 r-1udh08x r-u8s1d r-zchlnj r-ipm5af&amp;quot; style=&amp;quot;border-radius: 0px;&amp;quot;&amp;gt;&amp;lt;/div&amp;gt; is not clickable at point (338, 436). Other element would receive the click: &amp;lt;div class=&amp;quot;css-1dbjc4n r-b5h31w r-95jzfe&amp;quot;&amp;gt;...&amp;lt;/div&amp;gt;
  (Session info: chrome=122.0.6261.57)
Build info: version: &amp;apos;4.16.0&amp;apos;, revision: &amp;apos;15400459dd*&amp;apos;
System info: os.name: &amp;apos;Windows 10&amp;apos;, os.arch: &amp;apos;amd64&amp;apos;, os.version: &amp;apos;10.0&amp;apos;, java.version: &amp;apos;21.0.1&amp;apos;
Driver info: org.openqa.selenium.chrome.ChromeDriver
Command: [36f8f3ef0cc64bbcb2b11a3e4afd408a, clickElement {id=f.D57CE5A05E82425214CBA0C64EF99278.d.8C0A75EDBF085941F5E6A6B993054D10.e.381}]
Capabilities {acceptInsecureCerts: false, browserName: chrome, browserVersion: 122.0.6261.57, chrome: {chromedriverVersion: 122.0.6261.94 (880dbf29479c..., userDataDir: C:\Program Files\scoped_dir...}, fedcm:accounts: true, goog:chromeOptions: {debuggerAddress: localhost:59986}, networkConnectionEnabled: false, pageLoadStrategy: normal, platformName: windows, proxy: Proxy(), se:cdp: ws://localhost:59986/devtoo..., se:cdpVersion: 122.0.6261.57, setWindowRect: true, strictFileInteractability: false, timeouts: {implicit: 0, pageLoad: 300000, script: 30000}, unhandledPromptBehavior: dismiss and notify, webauthn:extension:credBlob: true, webauthn:extension:largeBlob: true, webauthn:extension:minPinLength: true, webauthn:extension:prf: true, webauthn:virtualAuthenticators: true}
Element: [[ChromeDriver: chrome on windows (36f8f3ef0cc64bbcb2b11a3e4afd408a)] -&amp;gt; xpath: (//div[@class=&amp;apos;css-1dbjc4n r-1niwhzg r-1p0dtai r-1d2f490 r-1udh08x r-u8s1d r-zchlnj r-ipm5af&amp;apos;])[1]]
Session ID: 36f8f3ef0cc64bbcb2b11a3e4afd408a">
      <![CDATA[org.openqa.selenium.ElementClickInterceptedException: element click intercepted: Element <div class="css-1dbjc4n r-1niwhzg r-1p0dtai r-1d2f490 r-1udh08x r-u8s1d r-zchlnj r-ipm5af" style="border-radius: 0px;"></div> is not clickable at point (338, 436). Other element would receive the click: <div class="css-1dbjc4n r-b5h31w r-95jzfe">...</div>
  (Session info: chrome=122.0.6261.57)
Build info: version: '4.16.0', revision: '15400459dd*'
System info: os.name: 'Windows 10', os.arch: 'amd64', os.version: '10.0', java.version: '21.0.1'
Driver info: org.openqa.selenium.chrome.ChromeDriver
Command: [36f8f3ef0cc64bbcb2b11a3e4afd408a, clickElement {id=f.D57CE5A05E82425214CBA0C64EF99278.d.8C0A75EDBF085941F5E6A6B993054D10.e.381}]
Capabilities {acceptInsecureCerts: false, browserName: chrome, browserVersion: 122.0.6261.57, chrome: {chromedriverVersion: 122.0.6261.94 (880dbf29479c..., userDataDir: C:\Program Files\scoped_dir...}, fedcm:accounts: true, goog:chromeOptions: {debuggerAddress: localhost:59986}, networkConnectionEnabled: false, pageLoadStrategy: normal, platformName: windows, proxy: Proxy(), se:cdp: ws://localhost:59986/devtoo..., se:cdpVersion: 122.0.6261.57, setWindowRect: true, strictFileInteractability: false, timeouts: {implicit: 0, pageLoad: 300000, script: 30000}, unhandledPromptBehavior: dismiss and notify, webauthn:extension:credBlob: true, webauthn:extension:largeBlob: true, webauthn:extension:minPinLength: true, webauthn:extension:prf: true, webauthn:virtualAuthenticators: true}
Element: [[ChromeDriver: chrome on windows (36f8f3ef0cc64bbcb2b11a3e4afd408a)] -> xpath: (//div[@class='css-1dbjc4n r-1niwhzg r-1p0dtai r-1d2f490 r-1udh08x r-u8s1d r-zchlnj r-ipm5af'])[1]]
Session ID: 36f8f3ef0cc64bbcb2b11a3e4afd408a
at org.openqa.selenium.remote.codec.w3c.W3CHttpResponseCodec.createException(W3CHttpResponseCodec.java:200)
at org.openqa.selenium.remote.codec.w3c.W3CHttpResponseCodec.decode(W3CHttpResponseCodec.java:133)
at org.openqa.selenium.remote.codec.w3c.W3CHttpResponseCodec.decode(W3CHttpResponseCodec.java:52)
at org.openqa.selenium.remote.HttpCommandExecutor.execute(HttpCommandExecutor.java:191)
at org.openqa.selenium.remote.service.DriverCommandExecutor.invokeExecute(DriverCommandExecutor.java:200)
at org.openqa.selenium.remote.service.DriverCommandExecutor.execute(DriverCommandExecutor.java:175)
at org.openqa.selenium.remote.RemoteWebDriver.execute(RemoteWebDriver.java:523)
at org.openqa.selenium.remote.RemoteWebElement.execute(RemoteWebElement.java:224)
at org.openqa.selenium.remote.RemoteWebElement.click(RemoteWebElement.java:77)
at org.openqa.selenium.support.pagefactory.internal.LocatingElementHandler.invoke(LocatingElementHandler.java:51)
at jdk.proxy2/jdk.proxy2.$Proxy16.click(Unknown Source)
at pageobjects.Flightstatus.fb_searchflight(Flightstatus.java:66)
at testcases.TC_06_checkflights.flightstatus(TC_06_checkflights.java:102)
at java.base/java.util.ArrayList.forEach(ArrayList.java:1596)
... Removed 30 stack frames]]>
    </failure>
  </testcase> <!-- flightstatus -->
</testsuite> <!-- Test -->
