<?xml version="1.0" encoding="UTF-8"?>
<testng-results ignored="0" total="15" passed="10" failed="5" skipped="0">
  <reporter-output>
    <line>
      <![CDATA[Welcome to loginpage]]>
    </line>
    <line>
      <![CDATA[Welcome to loginpage]]>
    </line>
    <line>
      <![CDATA[Welcome to loginpage]]>
    </line>
    <line>
      <![CDATA[Welcome to loginpage]]>
    </line>
  </reporter-output>
  <suite started-at="2024-02-29T20:21:19 IST" name="Suite" finished-at="2024-02-29T20:35:49 IST" duration-ms="869496">
    <groups>
    </groups>
    <test started-at="2024-02-29T20:21:19 IST" name="Test" finished-at="2024-02-29T20:35:49 IST" duration-ms="869496">
      <class name="testcases.TC_06_checkflights">
        <test-method is-config="true" signature="startup()[pri:0, instance:testcases.TC_06_checkflights@7ac296f6]" started-at="2024-02-29T20:32:06 IST" name="startup" finished-at="2024-02-29T20:32:34 IST" duration-ms="27687" status="PASS">
          <reporter-output>
          </reporter-output>
        </test-method> <!-- startup -->
        <test-method signature="checkflights()[pri:0, instance:testcases.TC_06_checkflights@7ac296f6]" started-at="2024-02-29T20:32:34 IST" name="checkflights" finished-at="2024-02-29T20:33:04 IST" duration-ms="30149" status="FAIL">
          <exception class="org.openqa.selenium.ElementClickInterceptedException">
            <message>
              <![CDATA[element click intercepted: Element <div class="css-76zvg2 css-bfa6kz r-1862ga2 r-1gkfh8e" dir="auto" style="font-family: inherit; opacity: 1;">...</div> is not clickable at point (504, 400). Other element would receive the click: <div class="css-76zvg2 r-homxoj r-adyw6z r-1kfrs79" dir="auto" style="font-family: inherit;">...</div>
  (Session info: chrome=122.0.6261.57)
Build info: version: '4.16.0', revision: '15400459dd*'
System info: os.name: 'Windows 10', os.arch: 'amd64', os.version: '10.0', java.version: '21.0.1'
Driver info: org.openqa.selenium.chrome.ChromeDriver
Command: [0103ce2b11939f4aa95f4c248645b296, clickElement {id=f.B8D999CA84542E001BFAC6BF4B35D88F.d.A37F2146099803CDC2AD4435C89C55D4.e.192}]
Capabilities {acceptInsecureCerts: false, browserName: chrome, browserVersion: 122.0.6261.57, chrome: {chromedriverVersion: 122.0.6261.94 (880dbf29479c..., userDataDir: C:\Program Files\scoped_dir...}, fedcm:accounts: true, goog:chromeOptions: {debuggerAddress: localhost:59755}, networkConnectionEnabled: false, pageLoadStrategy: normal, platformName: windows, proxy: Proxy(), se:cdp: ws://localhost:59755/devtoo..., se:cdpVersion: 122.0.6261.57, setWindowRect: true, strictFileInteractability: false, timeouts: {implicit: 0, pageLoad: 300000, script: 30000}, unhandledPromptBehavior: dismiss and notify, webauthn:extension:credBlob: true, webauthn:extension:largeBlob: true, webauthn:extension:minPinLength: true, webauthn:extension:prf: true, webauthn:virtualAuthenticators: true}
Element: [[ChromeDriver: chrome on windows (0103ce2b11939f4aa95f4c248645b296)] -> xpath: //*[@id="main-container"]/div/div[1]/div[3]/div[2]/div[5]/div[2]/div[1]/div[1]]
Session ID: 0103ce2b11939f4aa95f4c248645b296]]>
            </message>
            <full-stacktrace>
              <![CDATA[org.openqa.selenium.ElementClickInterceptedException: element click intercepted: Element <div class="css-76zvg2 css-bfa6kz r-1862ga2 r-1gkfh8e" dir="auto" style="font-family: inherit; opacity: 1;">...</div> is not clickable at point (504, 400). Other element would receive the click: <div class="css-76zvg2 r-homxoj r-adyw6z r-1kfrs79" dir="auto" style="font-family: inherit;">...</div>
  (Session info: chrome=122.0.6261.57)
Build info: version: '4.16.0', revision: '15400459dd*'
System info: os.name: 'Windows 10', os.arch: 'amd64', os.version: '10.0', java.version: '21.0.1'
Driver info: org.openqa.selenium.chrome.ChromeDriver
Command: [0103ce2b11939f4aa95f4c248645b296, clickElement {id=f.B8D999CA84542E001BFAC6BF4B35D88F.d.A37F2146099803CDC2AD4435C89C55D4.e.192}]
Capabilities {acceptInsecureCerts: false, browserName: chrome, browserVersion: 122.0.6261.57, chrome: {chromedriverVersion: 122.0.6261.94 (880dbf29479c..., userDataDir: C:\Program Files\scoped_dir...}, fedcm:accounts: true, goog:chromeOptions: {debuggerAddress: localhost:59755}, networkConnectionEnabled: false, pageLoadStrategy: normal, platformName: windows, proxy: Proxy(), se:cdp: ws://localhost:59755/devtoo..., se:cdpVersion: 122.0.6261.57, setWindowRect: true, strictFileInteractability: false, timeouts: {implicit: 0, pageLoad: 300000, script: 30000}, unhandledPromptBehavior: dismiss and notify, webauthn:extension:credBlob: true, webauthn:extension:largeBlob: true, webauthn:extension:minPinLength: true, webauthn:extension:prf: true, webauthn:virtualAuthenticators: true}
Element: [[ChromeDriver: chrome on windows (0103ce2b11939f4aa95f4c248645b296)] -> xpath: //*[@id="main-container"]/div/div[1]/div[3]/div[2]/div[5]/div[2]/div[1]/div[1]]
Session ID: 0103ce2b11939f4aa95f4c248645b296
at java.base/jdk.internal.reflect.DirectConstructorHandleAccessor.newInstance(DirectConstructorHandleAccessor.java:62)
at java.base/java.lang.reflect.Constructor.newInstanceWithCaller(Constructor.java:502)
at java.base/java.lang.reflect.Constructor.newInstance(Constructor.java:486)
at org.openqa.selenium.remote.codec.w3c.W3CHttpResponseCodec.createException(W3CHttpResponseCodec.java:200)
at org.openqa.selenium.remote.codec.w3c.W3CHttpResponseCodec.decode(W3CHttpResponseCodec.java:133)
at org.openqa.selenium.remote.codec.w3c.W3CHttpResponseCodec.decode(W3CHttpResponseCodec.java:52)
at org.openqa.selenium.remote.HttpCommandExecutor.execute(HttpCommandExecutor.java:191)
at org.openqa.selenium.remote.service.DriverCommandExecutor.invokeExecute(DriverCommandExecutor.java:200)
at org.openqa.selenium.remote.service.DriverCommandExecutor.execute(DriverCommandExecutor.java:175)
at org.openqa.selenium.remote.RemoteWebDriver.execute(RemoteWebDriver.java:523)
at org.openqa.selenium.remote.RemoteWebElement.execute(RemoteWebElement.java:224)
at org.openqa.selenium.remote.RemoteWebElement.click(RemoteWebElement.java:77)
at java.base/jdk.internal.reflect.DirectMethodHandleAccessor.invoke(DirectMethodHandleAccessor.java:103)
at java.base/java.lang.reflect.Method.invoke(Method.java:580)
at org.openqa.selenium.support.pagefactory.internal.LocatingElementHandler.invoke(LocatingElementHandler.java:51)
at jdk.proxy2/jdk.proxy2.$Proxy16.click(Unknown Source)
at pageobjects.Checkingflights.clkcurrency(Checkingflights.java:126)
at testcases.TC_06_checkflights.checkflights(TC_06_checkflights.java:30)
at java.base/jdk.internal.reflect.DirectMethodHandleAccessor.invoke(DirectMethodHandleAccessor.java:103)
at java.base/java.lang.reflect.Method.invoke(Method.java:580)
at org.testng.internal.invokers.MethodInvocationHelper.invokeMethod(MethodInvocationHelper.java:139)
at org.testng.internal.invokers.TestInvoker.invokeMethod(TestInvoker.java:664)
at org.testng.internal.invokers.TestInvoker.invokeTestMethod(TestInvoker.java:227)
at org.testng.internal.invokers.MethodRunner.runInSequence(MethodRunner.java:50)
at org.testng.internal.invokers.TestInvoker$MethodInvocationAgent.invoke(TestInvoker.java:957)
at org.testng.internal.invokers.TestInvoker.invokeTestMethods(TestInvoker.java:200)
at org.testng.internal.invokers.TestMethodWorker.invokeTestMethods(TestMethodWorker.java:148)
at org.testng.internal.invokers.TestMethodWorker.run(TestMethodWorker.java:128)
at java.base/java.util.ArrayList.forEach(ArrayList.java:1596)
at org.testng.TestRunner.privateRun(TestRunner.java:848)
at org.testng.TestRunner.run(TestRunner.java:621)
at org.testng.SuiteRunner.runTest(SuiteRunner.java:443)
at org.testng.SuiteRunner.runSequentially(SuiteRunner.java:437)
at org.testng.SuiteRunner.privateRun(SuiteRunner.java:397)
at org.testng.SuiteRunner.run(SuiteRunner.java:336)
at org.testng.SuiteRunnerWorker.runSuite(SuiteRunnerWorker.java:52)
at org.testng.SuiteRunnerWorker.run(SuiteRunnerWorker.java:95)
at org.testng.TestNG.runSuitesSequentially(TestNG.java:1280)
at org.testng.TestNG.runSuitesLocally(TestNG.java:1200)
at org.testng.TestNG.runSuites(TestNG.java:1114)
at org.testng.TestNG.run(TestNG.java:1082)
at org.testng.remote.AbstractRemoteTestNG.run(AbstractRemoteTestNG.java:115)
at org.testng.remote.RemoteTestNG.initAndRun(RemoteTestNG.java:251)
at org.testng.remote.RemoteTestNG.main(RemoteTestNG.java:77)
]]>
            </full-stacktrace>
          </exception> <!-- org.openqa.selenium.ElementClickInterceptedException -->
          <reporter-output>
          </reporter-output>
        </test-method> <!-- checkflights -->
        <test-method is-config="true" signature="close()[pri:0, instance:testcases.TC_06_checkflights@7ac296f6]" started-at="2024-02-29T20:33:05 IST" name="close" finished-at="2024-02-29T20:33:05 IST" duration-ms="492" status="PASS">
          <reporter-output>
          </reporter-output>
        </test-method> <!-- close -->
        <test-method is-config="true" signature="startup()[pri:0, instance:testcases.TC_06_checkflights@7ac296f6]" started-at="2024-02-29T20:33:05 IST" name="startup" finished-at="2024-02-29T20:33:35 IST" duration-ms="29974" status="PASS">
          <reporter-output>
          </reporter-output>
        </test-method> <!-- startup -->
        <test-method signature="checkflights_roundtrip()[pri:0, instance:testcases.TC_06_checkflights@7ac296f6]" started-at="2024-02-29T20:33:35 IST" name="checkflights_roundtrip" finished-at="2024-02-29T20:34:15 IST" duration-ms="39421" status="FAIL">
          <exception class="org.openqa.selenium.NoSuchElementException">
            <message>
              <![CDATA[no such element: Unable to locate element: {"method":"xpath","selector":"//*[@id="main-container"]/div/div[1]/div[3]/div[2]/div[4]/div/div[2]/div[2]/div[3]/div[2]/div/div[2]/div/div[3]/div[5]/div[4]/div"}
  (Session info: chrome=122.0.6261.57)
For documentation on this error, please visit: https://www.selenium.dev/documentation/webdriver/troubleshooting/errors#no-such-element-exception
Build info: version: '4.16.0', revision: '15400459dd*'
System info: os.name: 'Windows 10', os.arch: 'amd64', os.version: '10.0', java.version: '21.0.1'
Driver info: org.openqa.selenium.chrome.ChromeDriver
Command: [d607198bb46e1dfc44ecb28e82bb7994, findElement {using=xpath, value=//*[@id="main-container"]/div/div[1]/div[3]/div[2]/div[4]/div/div[2]/div[2]/div[3]/div[2]/div/div[2]/div/div[3]/div[5]/div[4]/div}]
Capabilities {acceptInsecureCerts: false, browserName: chrome, browserVersion: 122.0.6261.57, chrome: {chromedriverVersion: 122.0.6261.94 (880dbf29479c..., userDataDir: C:\Program Files\scoped_dir...}, fedcm:accounts: true, goog:chromeOptions: {debuggerAddress: localhost:59837}, networkConnectionEnabled: false, pageLoadStrategy: normal, platformName: windows, proxy: Proxy(), se:cdp: ws://localhost:59837/devtoo..., se:cdpVersion: 122.0.6261.57, setWindowRect: true, strictFileInteractability: false, timeouts: {implicit: 0, pageLoad: 300000, script: 30000}, unhandledPromptBehavior: dismiss and notify, webauthn:extension:credBlob: true, webauthn:extension:largeBlob: true, webauthn:extension:minPinLength: true, webauthn:extension:prf: true, webauthn:virtualAuthenticators: true}
Session ID: d607198bb46e1dfc44ecb28e82bb7994]]>
            </message>
            <full-stacktrace>
              <![CDATA[org.openqa.selenium.NoSuchElementException: no such element: Unable to locate element: {"method":"xpath","selector":"//*[@id="main-container"]/div/div[1]/div[3]/div[2]/div[4]/div/div[2]/div[2]/div[3]/div[2]/div/div[2]/div/div[3]/div[5]/div[4]/div"}
  (Session info: chrome=122.0.6261.57)
For documentation on this error, please visit: https://www.selenium.dev/documentation/webdriver/troubleshooting/errors#no-such-element-exception
Build info: version: '4.16.0', revision: '15400459dd*'
System info: os.name: 'Windows 10', os.arch: 'amd64', os.version: '10.0', java.version: '21.0.1'
Driver info: org.openqa.selenium.chrome.ChromeDriver
Command: [d607198bb46e1dfc44ecb28e82bb7994, findElement {using=xpath, value=//*[@id="main-container"]/div/div[1]/div[3]/div[2]/div[4]/div/div[2]/div[2]/div[3]/div[2]/div/div[2]/div/div[3]/div[5]/div[4]/div}]
Capabilities {acceptInsecureCerts: false, browserName: chrome, browserVersion: 122.0.6261.57, chrome: {chromedriverVersion: 122.0.6261.94 (880dbf29479c..., userDataDir: C:\Program Files\scoped_dir...}, fedcm:accounts: true, goog:chromeOptions: {debuggerAddress: localhost:59837}, networkConnectionEnabled: false, pageLoadStrategy: normal, platformName: windows, proxy: Proxy(), se:cdp: ws://localhost:59837/devtoo..., se:cdpVersion: 122.0.6261.57, setWindowRect: true, strictFileInteractability: false, timeouts: {implicit: 0, pageLoad: 300000, script: 30000}, unhandledPromptBehavior: dismiss and notify, webauthn:extension:credBlob: true, webauthn:extension:largeBlob: true, webauthn:extension:minPinLength: true, webauthn:extension:prf: true, webauthn:virtualAuthenticators: true}
Session ID: d607198bb46e1dfc44ecb28e82bb7994
at java.base/jdk.internal.reflect.DirectConstructorHandleAccessor.newInstance(DirectConstructorHandleAccessor.java:62)
at java.base/java.lang.reflect.Constructor.newInstanceWithCaller(Constructor.java:502)
at java.base/java.lang.reflect.Constructor.newInstance(Constructor.java:486)
at org.openqa.selenium.remote.codec.w3c.W3CHttpResponseCodec.createException(W3CHttpResponseCodec.java:200)
at org.openqa.selenium.remote.codec.w3c.W3CHttpResponseCodec.decode(W3CHttpResponseCodec.java:133)
at org.openqa.selenium.remote.codec.w3c.W3CHttpResponseCodec.decode(W3CHttpResponseCodec.java:52)
at org.openqa.selenium.remote.HttpCommandExecutor.execute(HttpCommandExecutor.java:191)
at org.openqa.selenium.remote.service.DriverCommandExecutor.invokeExecute(DriverCommandExecutor.java:200)
at org.openqa.selenium.remote.service.DriverCommandExecutor.execute(DriverCommandExecutor.java:175)
at org.openqa.selenium.remote.RemoteWebDriver.execute(RemoteWebDriver.java:523)
at org.openqa.selenium.remote.ElementLocation$ElementFinder$2.findElement(ElementLocation.java:165)
at org.openqa.selenium.remote.ElementLocation.findElement(ElementLocation.java:59)
at org.openqa.selenium.remote.RemoteWebDriver.findElement(RemoteWebDriver.java:360)
at org.openqa.selenium.remote.RemoteWebDriver.findElement(RemoteWebDriver.java:354)
at org.openqa.selenium.support.pagefactory.DefaultElementLocator.findElement(DefaultElementLocator.java:68)
at org.openqa.selenium.support.pagefactory.internal.LocatingElementHandler.invoke(LocatingElementHandler.java:38)
at jdk.proxy2/jdk.proxy2.$Proxy16.click(Unknown Source)
at pageobjects.Checkingflights.paticulardate(Checkingflights.java:122)
at testcases.TC_06_checkflights.checkflights_roundtrip(TC_06_checkflights.java:56)
at java.base/jdk.internal.reflect.DirectMethodHandleAccessor.invoke(DirectMethodHandleAccessor.java:103)
at java.base/java.lang.reflect.Method.invoke(Method.java:580)
at org.testng.internal.invokers.MethodInvocationHelper.invokeMethod(MethodInvocationHelper.java:139)
at org.testng.internal.invokers.TestInvoker.invokeMethod(TestInvoker.java:664)
at org.testng.internal.invokers.TestInvoker.invokeTestMethod(TestInvoker.java:227)
at org.testng.internal.invokers.MethodRunner.runInSequence(MethodRunner.java:50)
at org.testng.internal.invokers.TestInvoker$MethodInvocationAgent.invoke(TestInvoker.java:957)
at org.testng.internal.invokers.TestInvoker.invokeTestMethods(TestInvoker.java:200)
at org.testng.internal.invokers.TestMethodWorker.invokeTestMethods(TestMethodWorker.java:148)
at org.testng.internal.invokers.TestMethodWorker.run(TestMethodWorker.java:128)
at java.base/java.util.ArrayList.forEach(ArrayList.java:1596)
at org.testng.TestRunner.privateRun(TestRunner.java:848)
at org.testng.TestRunner.run(TestRunner.java:621)
at org.testng.SuiteRunner.runTest(SuiteRunner.java:443)
at org.testng.SuiteRunner.runSequentially(SuiteRunner.java:437)
at org.testng.SuiteRunner.privateRun(SuiteRunner.java:397)
at org.testng.SuiteRunner.run(SuiteRunner.java:336)
at org.testng.SuiteRunnerWorker.runSuite(SuiteRunnerWorker.java:52)
at org.testng.SuiteRunnerWorker.run(SuiteRunnerWorker.java:95)
at org.testng.TestNG.runSuitesSequentially(TestNG.java:1280)
at org.testng.TestNG.runSuitesLocally(TestNG.java:1200)
at org.testng.TestNG.runSuites(TestNG.java:1114)
at org.testng.TestNG.run(TestNG.java:1082)
at org.testng.remote.AbstractRemoteTestNG.run(AbstractRemoteTestNG.java:115)
at org.testng.remote.RemoteTestNG.initAndRun(RemoteTestNG.java:251)
at org.testng.remote.RemoteTestNG.main(RemoteTestNG.java:77)
]]>
            </full-stacktrace>
          </exception> <!-- org.openqa.selenium.NoSuchElementException -->
          <reporter-output>
          </reporter-output>
        </test-method> <!-- checkflights_roundtrip -->
        <test-method is-config="true" signature="close()[pri:0, instance:testcases.TC_06_checkflights@7ac296f6]" started-at="2024-02-29T20:34:15 IST" name="close" finished-at="2024-02-29T20:34:15 IST" duration-ms="511" status="PASS">
          <reporter-output>
          </reporter-output>
        </test-method> <!-- close -->
        <test-method is-config="true" signature="startup()[pri:0, instance:testcases.TC_06_checkflights@7ac296f6]" started-at="2024-02-29T20:34:15 IST" name="startup" finished-at="2024-02-29T20:34:35 IST" duration-ms="19549" status="PASS">
          <reporter-output>
          </reporter-output>
        </test-method> <!-- startup -->
        <test-method signature="checkin_booking()[pri:0, instance:testcases.TC_06_checkflights@7ac296f6]" started-at="2024-02-29T20:34:35 IST" name="checkin_booking" finished-at="2024-02-29T20:34:54 IST" duration-ms="18598" status="PASS">
          <reporter-output>
          </reporter-output>
        </test-method> <!-- checkin_booking -->
        <test-method is-config="true" signature="close()[pri:0, instance:testcases.TC_06_checkflights@7ac296f6]" started-at="2024-02-29T20:34:54 IST" name="close" finished-at="2024-02-29T20:34:54 IST" duration-ms="338" status="PASS">
          <reporter-output>
          </reporter-output>
        </test-method> <!-- close -->
        <test-method is-config="true" signature="startup()[pri:0, instance:testcases.TC_06_checkflights@7ac296f6]" started-at="2024-02-29T20:34:54 IST" name="startup" finished-at="2024-02-29T20:35:15 IST" duration-ms="21620" status="PASS">
          <reporter-output>
          </reporter-output>
        </test-method> <!-- startup -->
        <test-method signature="flightstatus()[pri:0, instance:testcases.TC_06_checkflights@7ac296f6]" started-at="2024-02-29T20:35:15 IST" name="flightstatus" finished-at="2024-02-29T20:35:48 IST" duration-ms="32060" status="FAIL">
          <exception class="org.openqa.selenium.ElementClickInterceptedException">
            <message>
              <![CDATA[element click intercepted: Element <div class="css-1dbjc4n r-1niwhzg r-1p0dtai r-1d2f490 r-1udh08x r-u8s1d r-zchlnj r-ipm5af" style="border-radius: 0px;"></div> is not clickable at point (338, 436). Other element would receive the click: <div class="css-1dbjc4n r-b5h31w r-95jzfe">...</div>
  (Session info: chrome=122.0.6261.57)
Build info: version: '4.16.0', revision: '15400459dd*'
System info: os.name: 'Windows 10', os.arch: 'amd64', os.version: '10.0', java.version: '21.0.1'
Driver info: org.openqa.selenium.chrome.ChromeDriver
Command: [36f8f3ef0cc64bbcb2b11a3e4afd408a, clickElement {id=f.D57CE5A05E82425214CBA0C64EF99278.d.8C0A75EDBF085941F5E6A6B993054D10.e.381}]
Capabilities {acceptInsecureCerts: false, browserName: chrome, browserVersion: 122.0.6261.57, chrome: {chromedriverVersion: 122.0.6261.94 (880dbf29479c..., userDataDir: C:\Program Files\scoped_dir...}, fedcm:accounts: true, goog:chromeOptions: {debuggerAddress: localhost:59986}, networkConnectionEnabled: false, pageLoadStrategy: normal, platformName: windows, proxy: Proxy(), se:cdp: ws://localhost:59986/devtoo..., se:cdpVersion: 122.0.6261.57, setWindowRect: true, strictFileInteractability: false, timeouts: {implicit: 0, pageLoad: 300000, script: 30000}, unhandledPromptBehavior: dismiss and notify, webauthn:extension:credBlob: true, webauthn:extension:largeBlob: true, webauthn:extension:minPinLength: true, webauthn:extension:prf: true, webauthn:virtualAuthenticators: true}
Element: [[ChromeDriver: chrome on windows (36f8f3ef0cc64bbcb2b11a3e4afd408a)] -> xpath: (//div[@class='css-1dbjc4n r-1niwhzg r-1p0dtai r-1d2f490 r-1udh08x r-u8s1d r-zchlnj r-ipm5af'])[1]]
Session ID: 36f8f3ef0cc64bbcb2b11a3e4afd408a]]>
            </message>
            <full-stacktrace>
              <![CDATA[org.openqa.selenium.ElementClickInterceptedException: element click intercepted: Element <div class="css-1dbjc4n r-1niwhzg r-1p0dtai r-1d2f490 r-1udh08x r-u8s1d r-zchlnj r-ipm5af" style="border-radius: 0px;"></div> is not clickable at point (338, 436). Other element would receive the click: <div class="css-1dbjc4n r-b5h31w r-95jzfe">...</div>
  (Session info: chrome=122.0.6261.57)
Build info: version: '4.16.0', revision: '15400459dd*'
System info: os.name: 'Windows 10', os.arch: 'amd64', os.version: '10.0', java.version: '21.0.1'
Driver info: org.openqa.selenium.chrome.ChromeDriver
Command: [36f8f3ef0cc64bbcb2b11a3e4afd408a, clickElement {id=f.D57CE5A05E82425214CBA0C64EF99278.d.8C0A75EDBF085941F5E6A6B993054D10.e.381}]
Capabilities {acceptInsecureCerts: false, browserName: chrome, browserVersion: 122.0.6261.57, chrome: {chromedriverVersion: 122.0.6261.94 (880dbf29479c..., userDataDir: C:\Program Files\scoped_dir...}, fedcm:accounts: true, goog:chromeOptions: {debuggerAddress: localhost:59986}, networkConnectionEnabled: false, pageLoadStrategy: normal, platformName: windows, proxy: Proxy(), se:cdp: ws://localhost:59986/devtoo..., se:cdpVersion: 122.0.6261.57, setWindowRect: true, strictFileInteractability: false, timeouts: {implicit: 0, pageLoad: 300000, script: 30000}, unhandledPromptBehavior: dismiss and notify, webauthn:extension:credBlob: true, webauthn:extension:largeBlob: true, webauthn:extension:minPinLength: true, webauthn:extension:prf: true, webauthn:virtualAuthenticators: true}
Element: [[ChromeDriver: chrome on windows (36f8f3ef0cc64bbcb2b11a3e4afd408a)] -> xpath: (//div[@class='css-1dbjc4n r-1niwhzg r-1p0dtai r-1d2f490 r-1udh08x r-u8s1d r-zchlnj r-ipm5af'])[1]]
Session ID: 36f8f3ef0cc64bbcb2b11a3e4afd408a
at java.base/jdk.internal.reflect.DirectConstructorHandleAccessor.newInstance(DirectConstructorHandleAccessor.java:62)
at java.base/java.lang.reflect.Constructor.newInstanceWithCaller(Constructor.java:502)
at java.base/java.lang.reflect.Constructor.newInstance(Constructor.java:486)
at org.openqa.selenium.remote.codec.w3c.W3CHttpResponseCodec.createException(W3CHttpResponseCodec.java:200)
at org.openqa.selenium.remote.codec.w3c.W3CHttpResponseCodec.decode(W3CHttpResponseCodec.java:133)
at org.openqa.selenium.remote.codec.w3c.W3CHttpResponseCodec.decode(W3CHttpResponseCodec.java:52)
at org.openqa.selenium.remote.HttpCommandExecutor.execute(HttpCommandExecutor.java:191)
at org.openqa.selenium.remote.service.DriverCommandExecutor.invokeExecute(DriverCommandExecutor.java:200)
at org.openqa.selenium.remote.service.DriverCommandExecutor.execute(DriverCommandExecutor.java:175)
at org.openqa.selenium.remote.RemoteWebDriver.execute(RemoteWebDriver.java:523)
at org.openqa.selenium.remote.RemoteWebElement.execute(RemoteWebElement.java:224)
at org.openqa.selenium.remote.RemoteWebElement.click(RemoteWebElement.java:77)
at java.base/jdk.internal.reflect.DirectMethodHandleAccessor.invoke(DirectMethodHandleAccessor.java:103)
at java.base/java.lang.reflect.Method.invoke(Method.java:580)
at org.openqa.selenium.support.pagefactory.internal.LocatingElementHandler.invoke(LocatingElementHandler.java:51)
at jdk.proxy2/jdk.proxy2.$Proxy16.click(Unknown Source)
at pageobjects.Flightstatus.fb_searchflight(Flightstatus.java:66)
at testcases.TC_06_checkflights.flightstatus(TC_06_checkflights.java:102)
at java.base/jdk.internal.reflect.DirectMethodHandleAccessor.invoke(DirectMethodHandleAccessor.java:103)
at java.base/java.lang.reflect.Method.invoke(Method.java:580)
at org.testng.internal.invokers.MethodInvocationHelper.invokeMethod(MethodInvocationHelper.java:139)
at org.testng.internal.invokers.TestInvoker.invokeMethod(TestInvoker.java:664)
at org.testng.internal.invokers.TestInvoker.invokeTestMethod(TestInvoker.java:227)
at org.testng.internal.invokers.MethodRunner.runInSequence(MethodRunner.java:50)
at org.testng.internal.invokers.TestInvoker$MethodInvocationAgent.invoke(TestInvoker.java:957)
at org.testng.internal.invokers.TestInvoker.invokeTestMethods(TestInvoker.java:200)
at org.testng.internal.invokers.TestMethodWorker.invokeTestMethods(TestMethodWorker.java:148)
at org.testng.internal.invokers.TestMethodWorker.run(TestMethodWorker.java:128)
at java.base/java.util.ArrayList.forEach(ArrayList.java:1596)
at org.testng.TestRunner.privateRun(TestRunner.java:848)
at org.testng.TestRunner.run(TestRunner.java:621)
at org.testng.SuiteRunner.runTest(SuiteRunner.java:443)
at org.testng.SuiteRunner.runSequentially(SuiteRunner.java:437)
at org.testng.SuiteRunner.privateRun(SuiteRunner.java:397)
at org.testng.SuiteRunner.run(SuiteRunner.java:336)
at org.testng.SuiteRunnerWorker.runSuite(SuiteRunnerWorker.java:52)
at org.testng.SuiteRunnerWorker.run(SuiteRunnerWorker.java:95)
at org.testng.TestNG.runSuitesSequentially(TestNG.java:1280)
at org.testng.TestNG.runSuitesLocally(TestNG.java:1200)
at org.testng.TestNG.runSuites(TestNG.java:1114)
at org.testng.TestNG.run(TestNG.java:1082)
at org.testng.remote.AbstractRemoteTestNG.run(AbstractRemoteTestNG.java:115)
at org.testng.remote.RemoteTestNG.initAndRun(RemoteTestNG.java:251)
at org.testng.remote.RemoteTestNG.main(RemoteTestNG.java:77)
]]>
            </full-stacktrace>
          </exception> <!-- org.openqa.selenium.ElementClickInterceptedException -->
          <reporter-output>
          </reporter-output>
        </test-method> <!-- flightstatus -->
        <test-method is-config="true" signature="close()[pri:0, instance:testcases.TC_06_checkflights@7ac296f6]" started-at="2024-02-29T20:35:48 IST" name="close" finished-at="2024-02-29T20:35:49 IST" duration-ms="649" status="PASS">
          <reporter-output>
          </reporter-output>
        </test-method> <!-- close -->
      </class> <!-- testcases.TC_06_checkflights -->
      <class name="testcases.TC_07Bookingflight">
        <test-method is-config="true" signature="startup()[pri:0, instance:testcases.TC_07Bookingflight@41488b16]" started-at="2024-02-29T20:27:00 IST" name="startup" finished-at="2024-02-29T20:27:25 IST" duration-ms="25085" status="PASS">
          <reporter-output>
          </reporter-output>
        </test-method> <!-- startup -->
        <test-method signature="bookingflights(java.lang.String,java.lang.String,java.lang.String,java.lang.String,java.lang.String,java.lang.String)[pri:0, instance:testcases.TC_07Bookingflight@41488b16]" started-at="2024-02-29T20:27:25 IST" name="bookingflights" data-provider="passengerdetails" finished-at="2024-02-29T20:28:19 IST" duration-ms="54175" status="FAIL">
          <params>
            <param index="0">
              <value>
                <![CDATA[mohammed ]]>
              </value>
            </param>
            <param index="1">
              <value>
                <![CDATA[rayyan]]>
              </value>
            </param>
            <param index="2">
              <value>
                <![CDATA[9.17670709E9]]>
              </value>
            </param>
            <param index="3">
              <value>
                <![CDATA[22-Jul-1990]]>
              </value>
            </param>
            <param index="4">
              <value>
                <![CDATA[01-Sept-2027]]>
              </value>
            </param>
            <param index="5">
              <value>
                <![CDATA[J12393496]]>
              </value>
            </param>
          </params>
          <exception class="org.openqa.selenium.ElementNotInteractableException">
            <message>
              <![CDATA[element not interactable
  (Session info: chrome=122.0.6261.57)
Build info: version: '4.16.0', revision: '15400459dd*'
System info: os.name: 'Windows 10', os.arch: 'amd64', os.version: '10.0', java.version: '21.0.1'
Driver info: org.openqa.selenium.chrome.ChromeDriver
Command: [6f274a2af67824efd7fa090732af5c8c, sendKeysToElement {id=f.1843925499592936DCDD964EAA2AFDEF.d.3C3C931CDCAFEC302DFF5F0290CD410D.e.99, value=[Ljava.lang.CharSequence;@278fe428}]
Capabilities {acceptInsecureCerts: false, browserName: chrome, browserVersion: 122.0.6261.57, chrome: {chromedriverVersion: 122.0.6261.94 (880dbf29479c..., userDataDir: C:\Program Files\scoped_dir...}, fedcm:accounts: true, goog:chromeOptions: {debuggerAddress: localhost:59258}, networkConnectionEnabled: false, pageLoadStrategy: normal, platformName: windows, proxy: Proxy(), se:cdp: ws://localhost:59258/devtoo..., se:cdpVersion: 122.0.6261.57, setWindowRect: true, strictFileInteractability: false, timeouts: {implicit: 0, pageLoad: 300000, script: 30000}, unhandledPromptBehavior: dismiss and notify, webauthn:extension:credBlob: true, webauthn:extension:largeBlob: true, webauthn:extension:minPinLength: true, webauthn:extension:prf: true, webauthn:virtualAuthenticators: true}
Element: [[ChromeDriver: chrome on windows (6f274a2af67824efd7fa090732af5c8c)] -> xpath: (//input[@type='text'])[7]]
Session ID: 6f274a2af67824efd7fa090732af5c8c]]>
            </message>
            <full-stacktrace>
              <![CDATA[org.openqa.selenium.ElementNotInteractableException: element not interactable
  (Session info: chrome=122.0.6261.57)
Build info: version: '4.16.0', revision: '15400459dd*'
System info: os.name: 'Windows 10', os.arch: 'amd64', os.version: '10.0', java.version: '21.0.1'
Driver info: org.openqa.selenium.chrome.ChromeDriver
Command: [6f274a2af67824efd7fa090732af5c8c, sendKeysToElement {id=f.1843925499592936DCDD964EAA2AFDEF.d.3C3C931CDCAFEC302DFF5F0290CD410D.e.99, value=[Ljava.lang.CharSequence;@278fe428}]
Capabilities {acceptInsecureCerts: false, browserName: chrome, browserVersion: 122.0.6261.57, chrome: {chromedriverVersion: 122.0.6261.94 (880dbf29479c..., userDataDir: C:\Program Files\scoped_dir...}, fedcm:accounts: true, goog:chromeOptions: {debuggerAddress: localhost:59258}, networkConnectionEnabled: false, pageLoadStrategy: normal, platformName: windows, proxy: Proxy(), se:cdp: ws://localhost:59258/devtoo..., se:cdpVersion: 122.0.6261.57, setWindowRect: true, strictFileInteractability: false, timeouts: {implicit: 0, pageLoad: 300000, script: 30000}, unhandledPromptBehavior: dismiss and notify, webauthn:extension:credBlob: true, webauthn:extension:largeBlob: true, webauthn:extension:minPinLength: true, webauthn:extension:prf: true, webauthn:virtualAuthenticators: true}
Element: [[ChromeDriver: chrome on windows (6f274a2af67824efd7fa090732af5c8c)] -> xpath: (//input[@type='text'])[7]]
Session ID: 6f274a2af67824efd7fa090732af5c8c
at java.base/jdk.internal.reflect.DirectConstructorHandleAccessor.newInstance(DirectConstructorHandleAccessor.java:62)
at java.base/java.lang.reflect.Constructor.newInstanceWithCaller(Constructor.java:502)
at java.base/java.lang.reflect.Constructor.newInstance(Constructor.java:486)
at org.openqa.selenium.remote.codec.w3c.W3CHttpResponseCodec.createException(W3CHttpResponseCodec.java:200)
at org.openqa.selenium.remote.codec.w3c.W3CHttpResponseCodec.decode(W3CHttpResponseCodec.java:133)
at org.openqa.selenium.remote.codec.w3c.W3CHttpResponseCodec.decode(W3CHttpResponseCodec.java:52)
at org.openqa.selenium.remote.HttpCommandExecutor.execute(HttpCommandExecutor.java:191)
at org.openqa.selenium.remote.service.DriverCommandExecutor.invokeExecute(DriverCommandExecutor.java:200)
at org.openqa.selenium.remote.service.DriverCommandExecutor.execute(DriverCommandExecutor.java:175)
at org.openqa.selenium.remote.RemoteWebDriver.execute(RemoteWebDriver.java:523)
at org.openqa.selenium.remote.RemoteWebElement.execute(RemoteWebElement.java:224)
at org.openqa.selenium.remote.RemoteWebElement.sendKeys(RemoteWebElement.java:111)
at java.base/jdk.internal.reflect.DirectMethodHandleAccessor.invoke(DirectMethodHandleAccessor.java:103)
at java.base/java.lang.reflect.Method.invoke(Method.java:580)
at org.openqa.selenium.support.pagefactory.internal.LocatingElementHandler.invoke(LocatingElementHandler.java:51)
at jdk.proxy2/jdk.proxy2.$Proxy16.sendKeys(Unknown Source)
at pageobjects.passenger_details.getlname(passenger_details.java:56)
at testcases.TC_07Bookingflight.bookingflights(TC_07Bookingflight.java:84)
at java.base/jdk.internal.reflect.DirectMethodHandleAccessor.invoke(DirectMethodHandleAccessor.java:103)
at java.base/java.lang.reflect.Method.invoke(Method.java:580)
at org.testng.internal.invokers.MethodInvocationHelper.invokeMethod(MethodInvocationHelper.java:139)
at org.testng.internal.invokers.TestInvoker.invokeMethod(TestInvoker.java:664)
at org.testng.internal.invokers.TestInvoker.invokeTestMethod(TestInvoker.java:227)
at org.testng.internal.invokers.MethodRunner.runInSequence(MethodRunner.java:50)
at org.testng.internal.invokers.TestInvoker$MethodInvocationAgent.invoke(TestInvoker.java:957)
at org.testng.internal.invokers.TestInvoker.invokeTestMethods(TestInvoker.java:200)
at org.testng.internal.invokers.TestMethodWorker.invokeTestMethods(TestMethodWorker.java:148)
at org.testng.internal.invokers.TestMethodWorker.run(TestMethodWorker.java:128)
at java.base/java.util.ArrayList.forEach(ArrayList.java:1596)
at org.testng.TestRunner.privateRun(TestRunner.java:848)
at org.testng.TestRunner.run(TestRunner.java:621)
at org.testng.SuiteRunner.runTest(SuiteRunner.java:443)
at org.testng.SuiteRunner.runSequentially(SuiteRunner.java:437)
at org.testng.SuiteRunner.privateRun(SuiteRunner.java:397)
at org.testng.SuiteRunner.run(SuiteRunner.java:336)
at org.testng.SuiteRunnerWorker.runSuite(SuiteRunnerWorker.java:52)
at org.testng.SuiteRunnerWorker.run(SuiteRunnerWorker.java:95)
at org.testng.TestNG.runSuitesSequentially(TestNG.java:1280)
at org.testng.TestNG.runSuitesLocally(TestNG.java:1200)
at org.testng.TestNG.runSuites(TestNG.java:1114)
at org.testng.TestNG.run(TestNG.java:1082)
at org.testng.remote.AbstractRemoteTestNG.run(AbstractRemoteTestNG.java:115)
at org.testng.remote.RemoteTestNG.initAndRun(RemoteTestNG.java:251)
at org.testng.remote.RemoteTestNG.main(RemoteTestNG.java:77)
]]>
            </full-stacktrace>
          </exception> <!-- org.openqa.selenium.ElementNotInteractableException -->
          <reporter-output>
          </reporter-output>
        </test-method> <!-- bookingflights -->
        <test-method is-config="true" signature="close()[pri:0, instance:testcases.TC_07Bookingflight@41488b16]" started-at="2024-02-29T20:28:20 IST" name="close" finished-at="2024-02-29T20:28:20 IST" duration-ms="536" status="PASS">
          <reporter-output>
          </reporter-output>
        </test-method> <!-- close -->
        <test-method is-config="true" signature="startup()[pri:0, instance:testcases.TC_07Bookingflight@41488b16]" started-at="2024-02-29T20:28:20 IST" name="startup" finished-at="2024-02-29T20:28:40 IST" duration-ms="19431" status="PASS">
          <reporter-output>
          </reporter-output>
        </test-method> <!-- startup -->
        <test-method signature="bookingflights(java.lang.String,java.lang.String,java.lang.String,java.lang.String,java.lang.String,java.lang.String)[pri:0, instance:testcases.TC_07Bookingflight@41488b16]" started-at="2024-02-29T20:28:40 IST" name="bookingflights" data-provider="passengerdetails" finished-at="2024-02-29T20:29:33 IST" duration-ms="53776" status="FAIL">
          <params>
            <param index="0">
              <value>
                <![CDATA[abdur]]>
              </value>
            </param>
            <param index="1">
              <value>
                <![CDATA[rahman]]>
              </value>
            </param>
            <param index="2">
              <value>
                <![CDATA[9.967453489E9]]>
              </value>
            </param>
            <param index="3">
              <value>
                <![CDATA[18-Apr-1993]]>
              </value>
            </param>
            <param index="4">
              <value>
                <![CDATA[09-Jan-2030]]>
              </value>
            </param>
            <param index="5">
              <value>
                <![CDATA[ABA9875413]]>
              </value>
            </param>
          </params>
          <exception class="org.openqa.selenium.ElementNotInteractableException">
            <message>
              <![CDATA[element not interactable
  (Session info: chrome=122.0.6261.57)
Build info: version: '4.16.0', revision: '15400459dd*'
System info: os.name: 'Windows 10', os.arch: 'amd64', os.version: '10.0', java.version: '21.0.1'
Driver info: org.openqa.selenium.chrome.ChromeDriver
Command: [0b8d0fdf35eef244a696b1fb77eb138d, sendKeysToElement {id=f.1454E4EEC67D38E834118F6BD9366D1C.d.744E2980FD2F1489979EF3DD5E1F656F.e.91, value=[Ljava.lang.CharSequence;@2f471037}]
Capabilities {acceptInsecureCerts: false, browserName: chrome, browserVersion: 122.0.6261.57, chrome: {chromedriverVersion: 122.0.6261.94 (880dbf29479c..., userDataDir: C:\Program Files\scoped_dir...}, fedcm:accounts: true, goog:chromeOptions: {debuggerAddress: localhost:59339}, networkConnectionEnabled: false, pageLoadStrategy: normal, platformName: windows, proxy: Proxy(), se:cdp: ws://localhost:59339/devtoo..., se:cdpVersion: 122.0.6261.57, setWindowRect: true, strictFileInteractability: false, timeouts: {implicit: 0, pageLoad: 300000, script: 30000}, unhandledPromptBehavior: dismiss and notify, webauthn:extension:credBlob: true, webauthn:extension:largeBlob: true, webauthn:extension:minPinLength: true, webauthn:extension:prf: true, webauthn:virtualAuthenticators: true}
Element: [[ChromeDriver: chrome on windows (0b8d0fdf35eef244a696b1fb77eb138d)] -> xpath: (//input[@type='text'])[7]]
Session ID: 0b8d0fdf35eef244a696b1fb77eb138d]]>
            </message>
            <full-stacktrace>
              <![CDATA[org.openqa.selenium.ElementNotInteractableException: element not interactable
  (Session info: chrome=122.0.6261.57)
Build info: version: '4.16.0', revision: '15400459dd*'
System info: os.name: 'Windows 10', os.arch: 'amd64', os.version: '10.0', java.version: '21.0.1'
Driver info: org.openqa.selenium.chrome.ChromeDriver
Command: [0b8d0fdf35eef244a696b1fb77eb138d, sendKeysToElement {id=f.1454E4EEC67D38E834118F6BD9366D1C.d.744E2980FD2F1489979EF3DD5E1F656F.e.91, value=[Ljava.lang.CharSequence;@2f471037}]
Capabilities {acceptInsecureCerts: false, browserName: chrome, browserVersion: 122.0.6261.57, chrome: {chromedriverVersion: 122.0.6261.94 (880dbf29479c..., userDataDir: C:\Program Files\scoped_dir...}, fedcm:accounts: true, goog:chromeOptions: {debuggerAddress: localhost:59339}, networkConnectionEnabled: false, pageLoadStrategy: normal, platformName: windows, proxy: Proxy(), se:cdp: ws://localhost:59339/devtoo..., se:cdpVersion: 122.0.6261.57, setWindowRect: true, strictFileInteractability: false, timeouts: {implicit: 0, pageLoad: 300000, script: 30000}, unhandledPromptBehavior: dismiss and notify, webauthn:extension:credBlob: true, webauthn:extension:largeBlob: true, webauthn:extension:minPinLength: true, webauthn:extension:prf: true, webauthn:virtualAuthenticators: true}
Element: [[ChromeDriver: chrome on windows (0b8d0fdf35eef244a696b1fb77eb138d)] -> xpath: (//input[@type='text'])[7]]
Session ID: 0b8d0fdf35eef244a696b1fb77eb138d
at java.base/jdk.internal.reflect.DirectConstructorHandleAccessor.newInstance(DirectConstructorHandleAccessor.java:62)
at java.base/java.lang.reflect.Constructor.newInstanceWithCaller(Constructor.java:502)
at java.base/java.lang.reflect.Constructor.newInstance(Constructor.java:486)
at org.openqa.selenium.remote.codec.w3c.W3CHttpResponseCodec.createException(W3CHttpResponseCodec.java:200)
at org.openqa.selenium.remote.codec.w3c.W3CHttpResponseCodec.decode(W3CHttpResponseCodec.java:133)
at org.openqa.selenium.remote.codec.w3c.W3CHttpResponseCodec.decode(W3CHttpResponseCodec.java:52)
at org.openqa.selenium.remote.HttpCommandExecutor.execute(HttpCommandExecutor.java:191)
at org.openqa.selenium.remote.service.DriverCommandExecutor.invokeExecute(DriverCommandExecutor.java:200)
at org.openqa.selenium.remote.service.DriverCommandExecutor.execute(DriverCommandExecutor.java:175)
at org.openqa.selenium.remote.RemoteWebDriver.execute(RemoteWebDriver.java:523)
at org.openqa.selenium.remote.RemoteWebElement.execute(RemoteWebElement.java:224)
at org.openqa.selenium.remote.RemoteWebElement.sendKeys(RemoteWebElement.java:111)
at java.base/jdk.internal.reflect.DirectMethodHandleAccessor.invoke(DirectMethodHandleAccessor.java:103)
at java.base/java.lang.reflect.Method.invoke(Method.java:580)
at org.openqa.selenium.support.pagefactory.internal.LocatingElementHandler.invoke(LocatingElementHandler.java:51)
at jdk.proxy2/jdk.proxy2.$Proxy16.sendKeys(Unknown Source)
at pageobjects.passenger_details.getlname(passenger_details.java:56)
at testcases.TC_07Bookingflight.bookingflights(TC_07Bookingflight.java:84)
at java.base/jdk.internal.reflect.DirectMethodHandleAccessor.invoke(DirectMethodHandleAccessor.java:103)
at java.base/java.lang.reflect.Method.invoke(Method.java:580)
at org.testng.internal.invokers.MethodInvocationHelper.invokeMethod(MethodInvocationHelper.java:139)
at org.testng.internal.invokers.TestInvoker.invokeMethod(TestInvoker.java:664)
at org.testng.internal.invokers.TestInvoker.invokeTestMethod(TestInvoker.java:227)
at org.testng.internal.invokers.MethodRunner.runInSequence(MethodRunner.java:50)
at org.testng.internal.invokers.TestInvoker$MethodInvocationAgent.invoke(TestInvoker.java:957)
at org.testng.internal.invokers.TestInvoker.invokeTestMethods(TestInvoker.java:200)
at org.testng.internal.invokers.TestMethodWorker.invokeTestMethods(TestMethodWorker.java:148)
at org.testng.internal.invokers.TestMethodWorker.run(TestMethodWorker.java:128)
at java.base/java.util.ArrayList.forEach(ArrayList.java:1596)
at org.testng.TestRunner.privateRun(TestRunner.java:848)
at org.testng.TestRunner.run(TestRunner.java:621)
at org.testng.SuiteRunner.runTest(SuiteRunner.java:443)
at org.testng.SuiteRunner.runSequentially(SuiteRunner.java:437)
at org.testng.SuiteRunner.privateRun(SuiteRunner.java:397)
at org.testng.SuiteRunner.run(SuiteRunner.java:336)
at org.testng.SuiteRunnerWorker.runSuite(SuiteRunnerWorker.java:52)
at org.testng.SuiteRunnerWorker.run(SuiteRunnerWorker.java:95)
at org.testng.TestNG.runSuitesSequentially(TestNG.java:1280)
at org.testng.TestNG.runSuitesLocally(TestNG.java:1200)
at org.testng.TestNG.runSuites(TestNG.java:1114)
at org.testng.TestNG.run(TestNG.java:1082)
at org.testng.remote.AbstractRemoteTestNG.run(AbstractRemoteTestNG.java:115)
at org.testng.remote.RemoteTestNG.initAndRun(RemoteTestNG.java:251)
at org.testng.remote.RemoteTestNG.main(RemoteTestNG.java:77)
]]>
            </full-stacktrace>
          </exception> <!-- org.openqa.selenium.ElementNotInteractableException -->
          <reporter-output>
          </reporter-output>
        </test-method> <!-- bookingflights -->
        <test-method is-config="true" signature="close()[pri:0, instance:testcases.TC_07Bookingflight@41488b16]" started-at="2024-02-29T20:29:34 IST" name="close" finished-at="2024-02-29T20:29:35 IST" duration-ms="796" status="PASS">
          <reporter-output>
          </reporter-output>
        </test-method> <!-- close -->
      </class> <!-- testcases.TC_07Bookingflight -->
      <class name="testcases.TC_04_Loginwithmobnumber">
        <test-method is-config="true" signature="startup()[pri:0, instance:testcases.TC_04_Loginwithmobnumber@2eea88a1]" started-at="2024-02-29T20:31:32 IST" name="startup" finished-at="2024-02-29T20:31:56 IST" duration-ms="24164" status="PASS">
          <reporter-output>
          </reporter-output>
        </test-method> <!-- startup -->
        <test-method signature="LoginWith_mobilenumber(java.lang.String,java.lang.String)[pri:0, instance:testcases.TC_04_Loginwithmobnumber@2eea88a1]" started-at="2024-02-29T20:31:56 IST" name="LoginWith_mobilenumber" data-provider="login_with_mobilenumber" finished-at="2024-02-29T20:32:06 IST" duration-ms="9519" status="PASS">
          <params>
            <param index="0">
              <value>
                <![CDATA[7.338882481E9]]>
              </value>
            </param>
            <param index="1">
              <value>
                <![CDATA[Admin1234@]]>
              </value>
            </param>
          </params>
          <reporter-output>
            <line>
              <![CDATA[Welcome to loginpage]]>
            </line>
          </reporter-output>
        </test-method> <!-- LoginWith_mobilenumber -->
        <test-method is-config="true" signature="close()[pri:0, instance:testcases.TC_04_Loginwithmobnumber@2eea88a1]" started-at="2024-02-29T20:32:06 IST" name="close" finished-at="2024-02-29T20:32:06 IST" duration-ms="464" status="PASS">
          <reporter-output>
          </reporter-output>
        </test-method> <!-- close -->
      </class> <!-- testcases.TC_04_Loginwithmobnumber -->
      <class name="testcases.TC_01_Homepagetest">
        <test-method is-config="true" signature="startup()[pri:0, instance:testcases.TC_01_Homepagetest@2fb0623e]" started-at="2024-02-29T20:21:20 IST" name="startup" finished-at="2024-02-29T20:22:32 IST" duration-ms="71707" status="PASS">
          <reporter-output>
          </reporter-output>
        </test-method> <!-- startup -->
        <test-method signature="verifycheckin_on_homepage()[pri:0, instance:testcases.TC_01_Homepagetest@2fb0623e]" started-at="2024-02-29T20:22:32 IST" name="verifycheckin_on_homepage" finished-at="2024-02-29T20:22:36 IST" duration-ms="4214" status="PASS">
          <reporter-output>
          </reporter-output>
        </test-method> <!-- verifycheckin_on_homepage -->
        <test-method is-config="true" signature="close()[pri:0, instance:testcases.TC_01_Homepagetest@2fb0623e]" started-at="2024-02-29T20:22:36 IST" name="close" finished-at="2024-02-29T20:22:37 IST" duration-ms="1220" status="PASS">
          <reporter-output>
          </reporter-output>
        </test-method> <!-- close -->
        <test-method is-config="true" signature="startup()[pri:0, instance:testcases.TC_01_Homepagetest@2fb0623e]" started-at="2024-02-29T20:22:37 IST" name="startup" finished-at="2024-02-29T20:23:14 IST" duration-ms="36564" status="PASS">
          <reporter-output>
          </reporter-output>
        </test-method> <!-- startup -->
        <test-method signature="verifyflightstatus_on_homepage()[pri:0, instance:testcases.TC_01_Homepagetest@2fb0623e]" started-at="2024-02-29T20:23:14 IST" name="verifyflightstatus_on_homepage" finished-at="2024-02-29T20:23:22 IST" duration-ms="8260" status="PASS">
          <reporter-output>
          </reporter-output>
        </test-method> <!-- verifyflightstatus_on_homepage -->
        <test-method is-config="true" signature="close()[pri:0, instance:testcases.TC_01_Homepagetest@2fb0623e]" started-at="2024-02-29T20:23:22 IST" name="close" finished-at="2024-02-29T20:23:26 IST" duration-ms="3947" status="PASS">
          <reporter-output>
          </reporter-output>
        </test-method> <!-- close -->
        <test-method is-config="true" signature="startup()[pri:0, instance:testcases.TC_01_Homepagetest@2fb0623e]" started-at="2024-02-29T20:23:26 IST" name="startup" finished-at="2024-02-29T20:23:53 IST" duration-ms="27150" status="PASS">
          <reporter-output>
          </reporter-output>
        </test-method> <!-- startup -->
        <test-method signature="verifylogo_on_homepage()[pri:0, instance:testcases.TC_01_Homepagetest@2fb0623e]" started-at="2024-02-29T20:23:53 IST" name="verifylogo_on_homepage" finished-at="2024-02-29T20:23:53 IST" duration-ms="82" status="PASS">
          <reporter-output>
          </reporter-output>
        </test-method> <!-- verifylogo_on_homepage -->
        <test-method is-config="true" signature="close()[pri:0, instance:testcases.TC_01_Homepagetest@2fb0623e]" started-at="2024-02-29T20:23:53 IST" name="close" finished-at="2024-02-29T20:23:56 IST" duration-ms="3426" status="PASS">
          <reporter-output>
          </reporter-output>
        </test-method> <!-- close -->
        <test-method is-config="true" signature="startup()[pri:0, instance:testcases.TC_01_Homepagetest@2fb0623e]" started-at="2024-02-29T20:23:56 IST" name="startup" finished-at="2024-02-29T20:24:45 IST" duration-ms="48804" status="PASS">
          <reporter-output>
          </reporter-output>
        </test-method> <!-- startup -->
        <test-method signature="verifymanagebooking_on_homepage()[pri:0, instance:testcases.TC_01_Homepagetest@2fb0623e]" started-at="2024-02-29T20:24:45 IST" name="verifymanagebooking_on_homepage" finished-at="2024-02-29T20:24:58 IST" duration-ms="12586" status="PASS">
          <reporter-output>
          </reporter-output>
        </test-method> <!-- verifymanagebooking_on_homepage -->
        <test-method is-config="true" signature="close()[pri:0, instance:testcases.TC_01_Homepagetest@2fb0623e]" started-at="2024-02-29T20:24:58 IST" name="close" finished-at="2024-02-29T20:25:01 IST" duration-ms="3387" status="PASS">
          <reporter-output>
          </reporter-output>
        </test-method> <!-- close -->
      </class> <!-- testcases.TC_01_Homepagetest -->
      <class name="testcases.TC_03_Signuppagetest">
        <test-method is-config="true" signature="startup()[pri:0, instance:testcases.TC_03_Signuppagetest@68878f6d]" started-at="2024-02-29T20:25:01 IST" name="startup" finished-at="2024-02-29T20:26:03 IST" duration-ms="61679" status="PASS">
          <reporter-output>
          </reporter-output>
        </test-method> <!-- startup -->
        <test-method signature="signup()[pri:0, instance:testcases.TC_03_Signuppagetest@68878f6d]" started-at="2024-02-29T20:26:03 IST" name="signup" finished-at="2024-02-29T20:26:52 IST" duration-ms="49467" status="PASS">
          <reporter-output>
          </reporter-output>
        </test-method> <!-- signup -->
        <test-method is-config="true" signature="close()[pri:0, instance:testcases.TC_03_Signuppagetest@68878f6d]" started-at="2024-02-29T20:26:52 IST" name="close" finished-at="2024-02-29T20:26:53 IST" duration-ms="515" status="PASS">
          <reporter-output>
          </reporter-output>
        </test-method> <!-- close -->
      </class> <!-- testcases.TC_03_Signuppagetest -->
      <class name="testcases.TC_02_Loginpagetest">
        <test-method is-config="true" signature="startup()[pri:0, instance:testcases.TC_02_Loginpagetest@a8ef162]" started-at="2024-02-29T20:29:37 IST" name="startup" finished-at="2024-02-29T20:30:00 IST" duration-ms="22919" status="PASS">
          <reporter-output>
          </reporter-output>
        </test-method> <!-- startup -->
        <test-method signature="LoginWith_valid_credentials(java.lang.String,java.lang.String)[pri:0, instance:testcases.TC_02_Loginpagetest@a8ef162]" started-at="2024-02-29T20:30:00 IST" name="LoginWith_valid_credentials" data-provider="logindata" finished-at="2024-02-29T20:30:16 IST" duration-ms="15667" status="PASS">
          <params>
            <param index="0">
              <value>
                <![CDATA[akramkarish26@gmail.com]]>
              </value>
            </param>
            <param index="1">
              <value>
                <![CDATA[Admin1234@]]>
              </value>
            </param>
          </params>
          <reporter-output>
            <line>
              <![CDATA[Welcome to loginpage]]>
            </line>
          </reporter-output>
        </test-method> <!-- LoginWith_valid_credentials -->
        <test-method is-config="true" signature="close()[pri:0, instance:testcases.TC_02_Loginpagetest@a8ef162]" started-at="2024-02-29T20:30:16 IST" name="close" finished-at="2024-02-29T20:30:18 IST" duration-ms="1969" status="PASS">
          <reporter-output>
          </reporter-output>
        </test-method> <!-- close -->
        <test-method is-config="true" signature="startup()[pri:0, instance:testcases.TC_02_Loginpagetest@a8ef162]" started-at="2024-02-29T20:30:18 IST" name="startup" finished-at="2024-02-29T20:30:38 IST" duration-ms="20704" status="PASS">
          <reporter-output>
          </reporter-output>
        </test-method> <!-- startup -->
        <test-method signature="LoginWith_valid_credentials(java.lang.String,java.lang.String)[pri:0, instance:testcases.TC_02_Loginpagetest@a8ef162]" started-at="2024-02-29T20:30:38 IST" name="LoginWith_valid_credentials" data-provider="logindata" finished-at="2024-02-29T20:30:49 IST" duration-ms="11129" status="PASS">
          <params>
            <param index="0">
              <value>
                <![CDATA[]]>
              </value>
            </param>
            <param index="1">
              <value>
                <![CDATA[]]>
              </value>
            </param>
          </params>
          <reporter-output>
            <line>
              <![CDATA[Welcome to loginpage]]>
            </line>
          </reporter-output>
        </test-method> <!-- LoginWith_valid_credentials -->
        <test-method is-config="true" signature="close()[pri:0, instance:testcases.TC_02_Loginpagetest@a8ef162]" started-at="2024-02-29T20:30:49 IST" name="close" finished-at="2024-02-29T20:30:50 IST" duration-ms="468" status="PASS">
          <reporter-output>
          </reporter-output>
        </test-method> <!-- close -->
        <test-method is-config="true" signature="startup()[pri:0, instance:testcases.TC_02_Loginpagetest@a8ef162]" started-at="2024-02-29T20:30:50 IST" name="startup" finished-at="2024-02-29T20:31:18 IST" duration-ms="27688" status="PASS">
          <reporter-output>
          </reporter-output>
        </test-method> <!-- startup -->
        <test-method signature="LoginWith_valid_credentials(java.lang.String,java.lang.String)[pri:0, instance:testcases.TC_02_Loginpagetest@a8ef162]" started-at="2024-02-29T20:31:18 IST" name="LoginWith_valid_credentials" data-provider="logindata" finished-at="2024-02-29T20:31:29 IST" duration-ms="11609" status="PASS">
          <params>
            <param index="0">
              <value>
                <![CDATA[]]>
              </value>
            </param>
            <param index="1">
              <value>
                <![CDATA[]]>
              </value>
            </param>
          </params>
          <reporter-output>
            <line>
              <![CDATA[Welcome to loginpage]]>
            </line>
          </reporter-output>
        </test-method> <!-- LoginWith_valid_credentials -->
        <test-method is-config="true" signature="close()[pri:0, instance:testcases.TC_02_Loginpagetest@a8ef162]" started-at="2024-02-29T20:31:29 IST" name="close" finished-at="2024-02-29T20:31:30 IST" duration-ms="735" status="PASS">
          <reporter-output>
          </reporter-output>
        </test-method> <!-- close -->
      </class> <!-- testcases.TC_02_Loginpagetest -->
    </test> <!-- Test -->
  </suite> <!-- Suite -->
</testng-results>
